<?xml version="1.0" encoding="UTF-8"?>
<coverage generated="1546379220237" clover="3.2.0">
  <project timestamp="1546379220237" name="All files">
    <metrics statements="21" coveredstatements="17" conditionals="6" coveredconditionals="6" methods="7" coveredmethods="7" elements="34" coveredelements="30" complexity="0" loc="21" ncloc="21" packages="2" files="5" classes="5">
      <package name="src">
        <metrics statements="18" coveredstatements="14" conditionals="6" coveredconditionals="6" methods="4" coveredmethods="4"/>
        <file name="App.js" path="/home/xen/dev/appocular/stopgap/src/App.js">
          <metrics statements="13" coveredstatements="13" conditionals="6" coveredconditionals="6" methods="4" coveredmethods="4"/>
          <line num="8" count="3" type="stmt"/>
          <line num="9" count="3" type="stmt"/>
          <line num="21" count="3" type="stmt"/>
          <line num="22" count="3" type="stmt"/>
          <line num="25" count="3" type="cond" truecount="2" falsecount="0"/>
          <line num="26" count="1" type="stmt"/>
          <line num="28" count="2" type="stmt"/>
          <line num="30" count="1" type="stmt"/>
          <line num="36" count="6" type="cond" truecount="2" falsecount="0"/>
          <line num="37" count="1" type="stmt"/>
          <line num="39" count="5" type="cond" truecount="2" falsecount="0"/>
          <line num="40" count="3" type="stmt"/>
          <line num="42" count="2" type="stmt"/>
        </file>
        <file name="index.js" path="/home/xen/dev/appocular/stopgap/src/index.js">
          <metrics statements="4" coveredstatements="0" conditionals="0" coveredconditionals="0" methods="0" coveredmethods="0"/>
          <line num="1" count="0" type="stmt"/>
          <line num="2" count="0" type="stmt"/>
          <line num="3" count="0" type="stmt"/>
          <line num="5" count="0" type="stmt"/>
        </file>
        <file name="setupTests.js" path="/home/xen/dev/appocular/stopgap/src/setupTests.js">
          <metrics statements="1" coveredstatements="1" conditionals="0" coveredconditionals="0" methods="0" coveredmethods="0"/>
          <line num="4" count="3" type="stmt"/>
        </file>
      </package>
      <package name="src.components">
        <metrics statements="3" coveredstatements="3" conditionals="0" coveredconditionals="0" methods="3" coveredmethods="3"/>
        <file name="Checkpoint.js" path="/home/xen/dev/appocular/stopgap/src/components/Checkpoint.js">
          <metrics statements="1" coveredstatements="1" conditionals="0" coveredconditionals="0" methods="1" coveredmethods="1"/>
          <line num="6" count="2" type="stmt"/>
        </file>
        <file name="Snapshot.js" path="/home/xen/dev/appocular/stopgap/src/components/Snapshot.js">
          <metrics statements="2" coveredstatements="2" conditionals="0" coveredconditionals="0" methods="2" coveredmethods="2"/>
          <line num="9" count="4" type="stmt"/>
          <line num="11" count="4" type="stmt"/>
        </file>
      </package>
    </metrics>
  </project>
</coverage>
